<?xml version="1.0" encoding="UTF-8"?>
<!-- Generated by org.testng.reporters.JUnitReportReporter -->
<testsuite hostname="Sanam" failures="0" tests="9" name="Assignment.GetStatusCode" time="21.116" errors="0" timestamp="2023-07-27T12:41:30 NPT" skipped="0">
  <testcase classname="Assignment.GetStatusCode" name="getStatus" time="4.270"/>
  <testcase classname="Assignment.GetStatusCode" name="registerClient" time="3.762"/>
  <testcase classname="Assignment.GetStatusCode" name="listOfBooks" time="1.663"/>
  <testcase classname="Assignment.GetStatusCode" name="getSingleBook" time="1.836"/>
  <testcase classname="Assignment.GetStatusCode" name="orderBook" time="1.942"/>
  <testcase classname="Assignment.GetStatusCode" name="getorderbooks" time="1.933"/>
  <testcase classname="Assignment.GetStatusCode" name="getOneOrder" time="1.833"/>
  <testcase classname="Assignment.GetStatusCode" name="updateOrder" time="2.078"/>
  <testcase classname="Assignment.GetStatusCode" name="deleteOrder" time="1.799"/>
</testsuite> <!-- Assignment.GetStatusCode -->
